<?xml version="1.0" encoding="UTF-8"?>
<!-- Generated by org.testng.reporters.JUnitReportReporter -->
<testsuite hostname="DESKTOP-PHVSUUV" failures="0" tests="1" name="verifyHomePage.HomePageTest" time="13.354" errors="0" timestamp="2024-06-10T23:51:49 IST" skipped="0">
  <testcase classname="verifyHomePage.HomePageTest" name="verifyHomePageTitle" time="13.354"/>
  <system-out/>
</testsuite> <!-- verifyHomePage.HomePageTest -->
