<?xml version="1.0" encoding="UTF-8"?>
<!-- Generated by org.testng.reporters.JUnitReportReporter -->
<testsuite hostname="DESKTOP-PHVSUUV" failures="0" tests="1" name="verifyRegistration.InvalidRegistrationTest" time="5.120" errors="0" timestamp="2024-06-14T23:18:43 IST" skipped="0">
  <testcase classname="verifyRegistration.InvalidRegistrationTest" name="testUserRegistrationWithInvalidData" time="5.120"/>
  <system-out/>
</testsuite> <!-- verifyRegistration.InvalidRegistrationTest -->
