<?xml version="1.0" encoding="UTF-8"?>
<!-- Generated by org.testng.reporters.JUnitReportReporter -->
<testsuite hostname="DESKTOP-PHVSUUV" failures="0" tests="1" name="verifyCompareProducts.CompareProductTest" time="11.292" errors="0" timestamp="2024-06-17T09:50:40 IST" skipped="0">
  <testcase classname="verifyCompareProducts.CompareProductTest" name="testCompareProducts" time="11.292"/>
  <system-out/>
</testsuite> <!-- verifyCompareProducts.CompareProductTest -->
