<?xml version="1.0" encoding="UTF-8"?>
<!-- Generated by org.testng.reporters.JUnitReportReporter -->
<testsuite hostname="DESKTOP-PHVSUUV" failures="0" tests="1" name="verifyProductImageDisplay.ProductImageTest" time="0.093" errors="0" timestamp="2024-06-16T18:11:23 IST" skipped="0">
  <testcase classname="verifyProductImageDisplay.ProductImageTest" name="testProductImageDisplay" time="0.093"/>
  <system-out/>
</testsuite> <!-- verifyProductImageDisplay.ProductImageTest -->
