<?xml version="1.0" encoding="UTF-8"?>
<!-- Generated by org.testng.reporters.JUnitReportReporter -->
<testsuite hostname="DESKTOP-PHVSUUV" failures="0" tests="1" name="verifyProductSorting.SortByPrice" time="24.641" errors="0" timestamp="2024-06-17T19:09:29 IST" skipped="0">
  <testcase classname="verifyProductSorting.SortByPrice" name="Validate_the_Products_list_is_sort_By_Price" time="24.641"/>
  <system-out/>
</testsuite> <!-- verifyProductSorting.SortByPrice -->
