<?xml version="1.0" encoding="UTF-8"?>
<!-- Generated by org.testng.reporters.JUnitReportReporter -->
<testsuite hostname="DESKTOP-PHVSUUV" failures="0" tests="2" name="addToCartProduct.RemoveFromCart" time="14.777" errors="0" timestamp="2024-06-16T12:56:04 IST" skipped="0">
  <testcase classname="addToCartProduct.RemoveFromCart" name="verifyAddToCart" time="12.521"/>
  <system-out/>
  <testcase classname="addToCartProduct.RemoveFromCart" name="verifyRemoveFromCart" time="2.256"/>
  <system-out/>
</testsuite> <!-- addToCartProduct.RemoveFromCart -->
