<?xml version="1.0" encoding="UTF-8"?>
<!-- Generated by org.testng.reporters.JUnitReportReporter -->
<testsuite hostname="DESKTOP-PHVSUUV" failures="0" tests="1" name="verifyFilterByPriceitem.FilterByPriceRange" time="4.778" errors="0" timestamp="2024-06-16T21:45:44 IST" skipped="0">
  <testcase classname="verifyFilterByPriceitem.FilterByPriceRange" name="testFilterByPriceRange" time="4.778"/>
  <system-out/>
</testsuite> <!-- verifyFilterByPriceitem.FilterByPriceRange -->
