<?xml version="1.0" encoding="UTF-8"?>
<!-- Generated by org.testng.reporters.JUnitReportReporter -->
<testsuite hostname="DESKTOP-PHVSUUV" failures="0" tests="1" name="verifyProductSorting.SortByPosition" time="50.514" errors="0" timestamp="2024-06-17T19:10:43 IST" skipped="0">
  <testcase classname="verifyProductSorting.SortByPosition" name="Validate_the_Products_list_is_sort_By_Position" time="50.514"/>
  <system-out/>
</testsuite> <!-- verifyProductSorting.SortByPosition -->
