<?xml version="1.0" encoding="UTF-8"?>
<!-- Generated by org.testng.reporters.JUnitReportReporter -->
<testsuite hostname="DESKTOP-PHVSUUV" failures="0" tests="1" name="passwordReset.PasswordResetTest" time="4.810" errors="0" timestamp="2024-06-12T20:29:52 IST" skipped="0">
  <testcase classname="passwordReset.PasswordResetTest" name="testPasswordResetWithValidEmail" time="4.810"/>
  <system-out/>
</testsuite> <!-- passwordReset.PasswordResetTest -->
