<?xml version="1.0" encoding="UTF-8"?>
<!-- Generated by org.testng.reporters.JUnitReportReporter -->
<testsuite hostname="DESKTOP-PHVSUUV" failures="0" tests="1" name="searchForAProduct.SearchProductInvalidKeyword" time="2.836" errors="0" timestamp="2024-06-12T22:09:23 IST" skipped="0">
  <testcase classname="searchForAProduct.SearchProductInvalidKeyword" name="testSearchProductWithInvalidKeyword" time="2.836"/>
  <system-out/>
</testsuite> <!-- searchForAProduct.SearchProductInvalidKeyword -->
