<?xml version="1.0" encoding="UTF-8"?>
<!-- Generated by org.testng.reporters.JUnitReportReporter -->
<testsuite hostname="DESKTOP-PHVSUUV" failures="0" tests="1" name="productDetailPage.ProductDetailTest" time="8.763" errors="0" timestamp="2024-06-13T12:11:01 IST" skipped="0">
  <testcase classname="productDetailPage.ProductDetailTest" name="testVerifyProductDetailPage" time="8.763"/>
  <system-out/>
</testsuite> <!-- productDetailPage.ProductDetailTest -->
